
=== Bot Session Started at 2025-08-09 13:11:08 ===
[13:11:08] [INFO] CodeGenerator initialized with 4 class templates and 5 function templates
[13:11:08] [INFO] Working directory set to: bot_workspace
[13:11:08] [INFO] TaskManager initialized
[13:11:08] [INFO] SelfImprovement system initialized
[13:11:08] [INFO] CodeGeneratorBot initialized
[13:11:08] [INFO] Initializing bot systems...
[13:11:08] [INFO] Working directories created
[13:11:08] [INFO] Initial templates loaded
[13:11:08] [INFO] Bot initialization complete
[13:11:08] [INFO] TaskManager started
[13:11:08] [INFO] Bot started - entering autonomous mode
[13:11:08] [DEBUG] Task added: Generate class: random
[13:11:08] [DEBUG] Task added: Generate function: random
[13:11:08] [DEBUG] Task added: Self-improvement cycle
[13:11:08] [INFO] Worker thread started
[13:11:08] [DEBUG] Executing task: Generate class: random
[13:11:08] [DEBUG] Generated class: Class7337
[13:11:08] [INFO] Generated class code
[13:11:08] [DEBUG] Performance recorded: GENERATE_CLASS (0.000000s, success)
[13:11:08] [INFO] Self-improvement thread started
[13:11:08] [DEBUG] Executing task: Generate function: random
[13:11:08] [DEBUG] Generated function: function4141
[13:11:08] [INFO] Generated function code
[13:11:08] [DEBUG] Performance recorded: GENERATE_FUNCTION (0.000000s, success)
[13:11:09] [DEBUG] Executing task: Self-improvement cycle
[13:11:09] [INFO] Performing self-maintenance
[13:11:09] [INFO] === Performance Analysis ===
[13:11:09] [INFO] GENERATE_CLASS: 100.000000% success, 0.000000s avg time
[13:11:09] [INFO] GENERATE_FUNCTION: 100.000000% success, 0.000000s avg time
[13:11:09] [INFO] Optimizing code templates based on performance data
[13:11:09] [DEBUG] Added new class template
[13:11:09] [INFO] Added optimized class template
[13:11:09] [INFO] Updating configuration based on performance analysis
[13:11:09] [INFO] Increased task frequency due to high success rate
[13:11:09] [DEBUG] Task added: Scheduled self-improvement
[13:11:09] [DEBUG] Performance recorded: OTHER (0.000000s, success)
[13:11:09] [DEBUG] Executing task: Scheduled self-improvement
[13:11:09] [INFO] Performing self-maintenance
[13:11:09] [INFO] === Performance Analysis ===
[13:11:09] [INFO] GENERATE_CLASS: 100.000000% success, 0.000000s avg time
[13:11:09] [INFO] GENERATE_FUNCTION: 100.000000% success, 0.000000s avg time
[13:11:09] [INFO] OTHER: 100.000000% success, 0.000000s avg time
[13:11:09] [INFO] Optimizing code templates based on performance data
[13:11:09] [DEBUG] Added new class template
[13:11:09] [INFO] Added optimized class template
[13:11:09] [INFO] Updating configuration based on performance analysis
[13:11:09] [INFO] Increased task frequency due to high success rate
[13:11:09] [DEBUG] Task added: Scheduled self-improvement
[13:11:09] [DEBUG] Performance recorded: OTHER (0.000000s, success)
[13:11:09] [DEBUG] Executing task: Scheduled self-improvement
[13:11:09] [INFO] Performing self-maintenance
[13:11:09] [INFO] === Performance Analysis ===
[13:11:09] [INFO] GENERATE_CLASS: 100.000000% success, 0.000000s avg time
[13:11:09] [INFO] GENERATE_FUNCTION: 100.000000% success, 0.000000s avg time
[13:11:09] [INFO] OTHER: 100.000000% success, 0.000000s avg time
[13:11:09] [INFO] Optimizing code templates based on performance data
[13:11:09] [DEBUG] Added new class template
[13:11:09] [INFO] Added optimized class template
[13:11:09] [INFO] Updating configuration based on performance analysis
[13:11:09] [INFO] Increased task frequency due to high success rate
[13:11:09] [DEBUG] Task added: Scheduled self-improvement
[13:11:09] [DEBUG] Performance recorded: OTHER (0.000000s, success)
[13:11:09] [DEBUG] Executing task: Scheduled self-improvement
[13:11:09] [INFO] Performing self-maintenance
[13:11:09] [INFO] === Performance Analysis ===
[13:11:09] [INFO] GENERATE_CLASS: 100.000000% success, 0.000000s avg time
[13:11:09] [INFO] GENERATE_FUNCTION: 100.000000% success, 0.000000s avg time
[13:11:09] [INFO] OTHER: 100.000000% success, 0.000000s avg time
[13:11:09] [INFO] Optimizing code templates based on performance data
[13:11:09] [DEBUG] Added new class template
[13:11:09] [INFO] Added optimized class template
[13:11:09] [INFO] Updating configuration based on performance analysis
[13:11:09] [INFO] Increased task frequency due to high success rate
[13:11:09] [DEBUG] Task added: Scheduled self-improvement
[13:11:09] [DEBUG] Performance recorded: OTHER (0.000000s, success)
[13:11:09] [DEBUG] Executing task: Scheduled self-improvement
[13:11:09] [INFO] Performing self-maintenance
[13:11:09] [INFO] === Performance Analysis ===
[13:11:09] [INFO] GENERATE_CLASS: 100.000000% success, 0.000000s avg time
[13:11:09] [INFO] GENERATE_FUNCTION: 100.000000% success, 0.000000s avg time
[13:11:09] [INFO] OTHER: 100.000000% success, 0.000000s avg time
[13:11:09] [INFO] Optimizing code templates based on performance data
[13:11:09] [DEBUG] Added new class template
[13:11:09] [INFO] Added optimized class template
[13:11:09] [INFO] Updating configuration based on performance analysis
[13:11:09] [INFO] Increased task frequency due to high success rate
[13:11:09] [DEBUG] Task added: Scheduled self-improvement
[13:11:09] [DEBUG] Performance recorded: OTHER (0.000000s, success)
[13:11:09] [DEBUG] Executing task: Scheduled self-improvement
[13:11:09] [INFO] Performing self-maintenance
[13:11:09] [INFO] === Performance Analysis ===
[13:11:09] [INFO] GENERATE_CLASS: 100.000000% success, 0.000000s avg time
[13:11:09] [INFO] GENERATE_FUNCTION: 100.000000% success, 0.000000s avg time
[13:11:09] [INFO] OTHER: 100.000000% success, 0.000000s avg time
[13:11:09] [INFO] Optimizing code templates based on performance data
[13:11:09] [DEBUG] Added new class template
[13:11:09] [INFO] Added optimized class template
[13:11:09] [INFO] Updating configuration based on performance analysis
[13:11:09] [INFO] Increased task frequency due to high success rate
[13:11:09] [DEBUG] Task added: Scheduled self-improvement
[13:11:09] [DEBUG] Performance recorded: OTHER (0.000000s, success)
[13:11:09] [DEBUG] Executing task: Scheduled self-improvement
[13:11:09] [INFO] Performing self-maintenance
[13:11:09] [INFO] === Performance Analysis ===
[13:11:09] [INFO] GENERATE_CLASS: 100.000000% success, 0.000000s avg time
[13:11:09] [INFO] GENERATE_FUNCTION: 100.000000% success, 0.000000s avg time
[13:11:09] [INFO] OTHER: 100.000000% success, 0.000000s avg time
[13:11:09] [INFO] Optimizing code templates based on performance data
[13:11:09] [DEBUG] Added new class template
[13:11:09] [INFO] Added optimized class template
[13:11:09] [INFO] Updating configuration based on performance analysis
[13:11:09] [INFO] Increased task frequency due to high success rate
[13:11:09] [DEBUG] Task added: Scheduled self-improvement
[13:11:09] [DEBUG] Performance recorded: OTHER (0.000000s, success)
[13:11:09] [DEBUG] Executing task: Scheduled self-improvement
[13:11:09] [INFO] Performing self-maintenance
[13:11:09] [INFO] === Performance Analysis ===
[13:11:09] [INFO] GENERATE_CLASS: 100.000000% success, 0.000000s avg time
[13:11:09] [INFO] GENERATE_FUNCTION: 100.000000% success, 0.000000s avg time
[13:11:09] [INFO] OTHER: 100.000000% success, 0.000000s avg time
[13:11:09] [INFO] Optimizing code templates based on performance data
[13:11:09] [DEBUG] Added new class template
[13:11:09] [INFO] Added optimized class template
[13:11:09] [INFO] Updating configuration based on performance analysis
[13:11:09] [INFO] Increased task frequency due to high success rate
[13:11:09] [DEBUG] Task added: Scheduled self-improvement
[13:11:09] [DEBUG] Performance recorded: OTHER (0.000000s, success)
[13:11:09] [DEBUG] Executing task: Scheduled self-improvement
[13:11:09] [INFO] Performing self-maintenance
[13:11:09] [INFO] === Performance Analysis ===
[13:11:09] [INFO] GENERATE_CLASS: 100.000000% success, 0.000000s avg time
[13:11:09] [INFO] GENERATE_FUNCTION: 100.000000% success, 0.000000s avg time
[13:11:09] [INFO] OTHER: 100.000000% success, 0.000000s avg time
[13:11:09] [INFO] Optimizing code templates based on performance data
[13:11:09] [DEBUG] Added new class template
[13:11:09] [INFO] Added optimized class template
[13:11:09] [INFO] Updating configuration based on performance analysis
[13:11:09] [INFO] Increased task frequency due to high success rate
[13:11:09] [DEBUG] Task added: Scheduled self-improvement
[13:11:09] [DEBUG] Performance recorded: OTHER (0.000000s, success)
[13:11:09] [DEBUG] Executing task: Scheduled self-improvement
[13:11:09] [INFO] Performing self-maintenance
[13:11:09] [INFO] === Performance Analysis ===
[13:11:09] [INFO] GENERATE_CLASS: 100.000000% success, 0.000000s avg time
[13:11:09] [INFO] GENERATE_FUNCTION: 100.000000% success, 0.000000s avg time
[13:11:09] [INFO] OTHER: 100.000000% success, 0.000000s avg time
[13:11:09] [INFO] Optimizing code templates based on performance data
[13:11:09] [DEBUG] Added new class template
[13:11:09] [INFO] Added optimized class template
[13:11:09] [INFO] Updating configuration based on performance analysis
[13:11:09] [INFO] Increased task frequency due to high success rate
[13:11:09] [DEBUG] Task added: Scheduled self-improvement
[13:11:09] [DEBUG] Performance recorded: OTHER (0.000000s, success)
[13:11:10] [DEBUG] Executing task: Scheduled self-improvement
[13:11:10] [INFO] Performing self-maintenance
[13:11:10] [INFO] === Performance Analysis ===
[13:11:10] [INFO] GENERATE_CLASS: 100.000000% success, 0.000000s avg time
[13:11:10] [INFO] GENERATE_FUNCTION: 100.000000% success, 0.000000s avg time
[13:11:10] [INFO] OTHER: 100.000000% success, 0.000000s avg time
[13:11:10] [INFO] Optimizing code templates based on performance data
[13:11:10] [DEBUG] Added new class template
[13:11:10] [INFO] Added optimized class template
[13:11:10] [INFO] Updating configuration based on performance analysis
[13:11:10] [INFO] Increased task frequency due to high success rate
[13:11:10] [DEBUG] Task added: Scheduled self-improvement
[13:11:10] [DEBUG] Performance recorded: OTHER (0.000000s, success)
[13:11:10] [DEBUG] Executing task: Scheduled self-improvement
[13:11:10] [INFO] Performing self-maintenance
[13:11:10] [INFO] === Performance Analysis ===
[13:11:10] [INFO] GENERATE_CLASS: 100.000000% success, 0.000000s avg time
[13:11:10] [INFO] GENERATE_FUNCTION: 100.000000% success, 0.000000s avg time
[13:11:10] [INFO] OTHER: 100.000000% success, 0.000000s avg time
[13:11:10] [INFO] Optimizing code templates based on performance data
[13:11:10] [DEBUG] Added new class template
[13:11:10] [INFO] Added optimized class template
[13:11:10] [INFO] Updating configuration based on performance analysis
[13:11:10] [INFO] Increased task frequency due to high success rate
[13:11:10] [DEBUG] Task added: Scheduled self-improvement
[13:11:10] [DEBUG] Performance recorded: OTHER (0.000000s, success)
[13:11:10] [DEBUG] Executing task: Scheduled self-improvement
[13:11:10] [INFO] Performing self-maintenance
[13:11:10] [INFO] === Performance Analysis ===
[13:11:10] [INFO] GENERATE_CLASS: 100.000000% success, 0.000000s avg time
[13:11:10] [INFO] GENERATE_FUNCTION: 100.000000% success, 0.000000s avg time
[13:11:10] [INFO] OTHER: 100.000000% success, 0.000000s avg time
[13:11:10] [INFO] Optimizing code templates based on performance data
[13:11:10] [DEBUG] Added new class template
[13:11:10] [INFO] Added optimized class template
[13:11:10] [INFO] Updating configuration based on performance analysis
[13:11:10] [INFO] Increased task frequency due to high success rate
[13:11:10] [DEBUG] Task added: Scheduled self-improvement
[13:11:10] [DEBUG] Performance recorded: OTHER (0.000000s, success)
[13:11:10] [DEBUG] Executing task: Scheduled self-improvement
[13:11:10] [INFO] Performing self-maintenance
[13:11:10] [INFO] === Performance Analysis ===
[13:11:10] [INFO] GENERATE_CLASS: 100.000000% success, 0.000000s avg time
[13:11:10] [INFO] GENERATE_FUNCTION: 100.000000% success, 0.000000s avg time
[13:11:10] [INFO] OTHER: 100.000000% success, 0.000000s avg time
[13:11:10] [INFO] Optimizing code templates based on performance data
[13:11:10] [DEBUG] Added new class template
[13:11:10] [INFO] Added optimized class template
[13:11:10] [INFO] Updating configuration based on performance analysis
[13:11:10] [INFO] Increased task frequency due to high success rate
[13:11:10] [DEBUG] Task added: Scheduled self-improvement
[13:11:10] [DEBUG] Performance recorded: OTHER (0.000000s, success)
[13:11:10] [DEBUG] Executing task: Scheduled self-improvement
[13:11:10] [INFO] Performing self-maintenance
[13:11:10] [INFO] === Performance Analysis ===
[13:11:10] [INFO] GENERATE_CLASS: 100.000000% success, 0.000000s avg time
[13:11:10] [INFO] GENERATE_FUNCTION: 100.000000% success, 0.000000s avg time
[13:11:10] [INFO] OTHER: 100.000000% success, 0.000000s avg time
[13:11:10] [INFO] Optimizing code templates based on performance data
[13:11:10] [DEBUG] Added new class template
[13:11:10] [INFO] Added optimized class template
[13:11:10] [INFO] Updating configuration based on performance analysis
[13:11:10] [INFO] Increased task frequency due to high success rate
[13:11:10] [DEBUG] Task added: Scheduled self-improvement
[13:11:10] [DEBUG] Performance recorded: OTHER (0.000000s, success)
[13:11:10] [DEBUG] Executing task: Scheduled self-improvement
[13:11:10] [INFO] Performing self-maintenance
[13:11:10] [INFO] === Performance Analysis ===
[13:11:10] [INFO] GENERATE_CLASS: 100.000000% success, 0.000000s avg time
[13:11:10] [INFO] GENERATE_FUNCTION: 100.000000% success, 0.000000s avg time
[13:11:10] [INFO] OTHER: 100.000000% success, 0.000000s avg time
[13:11:10] [INFO] Optimizing code templates based on performance data
[13:11:10] [DEBUG] Added new class template
[13:11:10] [INFO] Added optimized class template
[13:11:10] [INFO] Updating configuration based on performance analysis
[13:11:10] [INFO] Increased task frequency due to high success rate
[13:11:10] [DEBUG] Task added: Scheduled self-improvement
[13:11:10] [DEBUG] Performance recorded: OTHER (0.000000s, success)
[13:11:10] [DEBUG] Executing task: Scheduled self-improvement
[13:11:10] [INFO] Performing self-maintenance
[13:11:10] [INFO] === Performance Analysis ===
[13:11:10] [INFO] GENERATE_CLASS: 100.000000% success, 0.000000s avg time
[13:11:10] [INFO] GENERATE_FUNCTION: 100.000000% success, 0.000000s avg time
[13:11:10] [INFO] OTHER: 100.000000% success, 0.000000s avg time
[13:11:10] [INFO] Optimizing code templates based on performance data
[13:11:10] [DEBUG] Added new class template
[13:11:10] [INFO] Added optimized class template
[13:11:10] [INFO] Updating configuration based on performance analysis
[13:11:10] [INFO] Increased task frequency due to high success rate
[13:11:10] [DEBUG] Task added: Scheduled self-improvement
[13:11:10] [DEBUG] Performance recorded: OTHER (0.000000s, success)
[13:11:10] [DEBUG] Executing task: Scheduled self-improvement
[13:11:10] [INFO] Performing self-maintenance
[13:11:10] [INFO] === Performance Analysis ===
[13:11:10] [INFO] GENERATE_CLASS: 100.000000% success, 0.000000s avg time
[13:11:10] [INFO] GENERATE_FUNCTION: 100.000000% success, 0.000000s avg time
[13:11:10] [INFO] OTHER: 100.000000% success, 0.000000s avg time
[13:11:10] [INFO] Optimizing code templates based on performance data
[13:11:10] [DEBUG] Added new class template
[13:11:10] [INFO] Added optimized class template
[13:11:10] [INFO] Updating configuration based on performance analysis
[13:11:10] [INFO] Increased task frequency due to high success rate
[13:11:10] [DEBUG] Task added: Scheduled self-improvement
[13:11:10] [DEBUG] Performance recorded: OTHER (0.000000s, success)
[13:11:10] [DEBUG] Executing task: Scheduled self-improvement
[13:11:10] [INFO] Performing self-maintenance
[13:11:10] [INFO] === Performance Analysis ===
[13:11:10] [INFO] GENERATE_CLASS: 100.000000% success, 0.000000s avg time
[13:11:10] [INFO] GENERATE_FUNCTION: 100.000000% success, 0.000000s avg time
[13:11:10] [INFO] OTHER: 100.000000% success, 0.000000s avg time
[13:11:10] [INFO] Optimizing code templates based on performance data
[13:11:10] [DEBUG] Added new class template
[13:11:10] [INFO] Added optimized class template
[13:11:10] [INFO] Updating configuration based on performance analysis
[13:11:10] [INFO] Increased task frequency due to high success rate
[13:11:10] [DEBUG] Task added: Scheduled self-improvement
[13:11:10] [DEBUG] Performance recorded: OTHER (0.000000s, success)
[13:11:10] [DEBUG] Executing task: Scheduled self-improvement
[13:11:10] [INFO] Performing self-maintenance
[13:11:10] [INFO] === Performance Analysis ===
[13:11:10] [INFO] GENERATE_CLASS: 100.000000% success, 0.000000s avg time
[13:11:10] [INFO] GENERATE_FUNCTION: 100.000000% success, 0.000000s avg time
[13:11:10] [INFO] OTHER: 100.000000% success, 0.000000s avg time
[13:11:10] [INFO] Optimizing code templates based on performance data
[13:11:10] [DEBUG] Added new class template
[13:11:10] [INFO] Added optimized class template
[13:11:10] [INFO] Updating configuration based on performance analysis
[13:11:10] [INFO] Increased task frequency due to high success rate
[13:11:10] [DEBUG] Task added: Scheduled self-improvement
[13:11:10] [DEBUG] Performance recorded: OTHER (0.000000s, success)
[13:11:11] [DEBUG] Executing task: Scheduled self-improvement
[13:11:11] [INFO] Performing self-maintenance
[13:11:11] [INFO] === Performance Analysis ===
[13:11:11] [INFO] GENERATE_CLASS: 100.000000% success, 0.000000s avg time
[13:11:11] [INFO] GENERATE_FUNCTION: 100.000000% success, 0.000000s avg time
[13:11:11] [INFO] OTHER: 100.000000% success, 0.000000s avg time
[13:11:11] [INFO] Optimizing code templates based on performance data
[13:11:11] [DEBUG] Added new class template
[13:11:11] [INFO] Added optimized class template
[13:11:11] [INFO] Updating configuration based on performance analysis
[13:11:11] [INFO] Increased task frequency due to high success rate
[13:11:11] [DEBUG] Task added: Scheduled self-improvement
[13:11:11] [DEBUG] Performance recorded: OTHER (0.000000s, success)
[13:11:11] [DEBUG] Executing task: Scheduled self-improvement
[13:11:11] [INFO] Performing self-maintenance
[13:11:11] [INFO] === Performance Analysis ===
[13:11:11] [INFO] GENERATE_CLASS: 100.000000% success, 0.000000s avg time
[13:11:11] [INFO] GENERATE_FUNCTION: 100.000000% success, 0.000000s avg time
[13:11:11] [INFO] OTHER: 100.000000% success, 0.000000s avg time
[13:11:11] [INFO] Optimizing code templates based on performance data
[13:11:11] [DEBUG] Added new class template
[13:11:11] [INFO] Added optimized class template
[13:11:11] [INFO] Updating configuration based on performance analysis
[13:11:11] [INFO] Increased task frequency due to high success rate
[13:11:11] [DEBUG] Task added: Scheduled self-improvement
[13:11:11] [DEBUG] Performance recorded: OTHER (0.000000s, success)
[13:11:11] [DEBUG] Executing task: Scheduled self-improvement
[13:11:11] [INFO] Performing self-maintenance
[13:11:11] [INFO] === Performance Analysis ===
[13:11:11] [INFO] GENERATE_CLASS: 100.000000% success, 0.000000s avg time
[13:11:11] [INFO] GENERATE_FUNCTION: 100.000000% success, 0.000000s avg time
[13:11:11] [INFO] OTHER: 100.000000% success, 0.000000s avg time
[13:11:11] [INFO] Optimizing code templates based on performance data
[13:11:11] [DEBUG] Added new class template
[13:11:11] [INFO] Added optimized class template
[13:11:11] [INFO] Updating configuration based on performance analysis
[13:11:11] [INFO] Increased task frequency due to high success rate
[13:11:11] [DEBUG] Task added: Scheduled self-improvement
[13:11:11] [DEBUG] Performance recorded: OTHER (0.000000s, success)
[13:11:11] [DEBUG] Executing task: Scheduled self-improvement
[13:11:11] [INFO] Performing self-maintenance
[13:11:11] [INFO] === Performance Analysis ===
[13:11:11] [INFO] GENERATE_CLASS: 100.000000% success, 0.000000s avg time
[13:11:11] [INFO] GENERATE_FUNCTION: 100.000000% success, 0.000000s avg time
[13:11:11] [INFO] OTHER: 100.000000% success, 0.000000s avg time
[13:11:11] [INFO] Optimizing code templates based on performance data
[13:11:11] [DEBUG] Added new class template
[13:11:11] [INFO] Added optimized class template
[13:11:11] [INFO] Updating configuration based on performance analysis
[13:11:11] [INFO] Increased task frequency due to high success rate
[13:11:11] [DEBUG] Task added: Scheduled self-improvement
[13:11:11] [DEBUG] Performance recorded: OTHER (0.000000s, success)
[13:11:11] [DEBUG] Executing task: Scheduled self-improvement
[13:11:11] [INFO] Performing self-maintenance
[13:11:11] [INFO] === Performance Analysis ===
[13:11:11] [INFO] GENERATE_CLASS: 100.000000% success, 0.000000s avg time
[13:11:11] [INFO] GENERATE_FUNCTION: 100.000000% success, 0.000000s avg time
[13:11:11] [INFO] OTHER: 100.000000% success, 0.000000s avg time
[13:11:11] [INFO] Optimizing code templates based on performance data
[13:11:11] [DEBUG] Added new class template
[13:11:11] [INFO] Added optimized class template
[13:11:11] [INFO] Updating configuration based on performance analysis
[13:11:11] [INFO] Increased task frequency due to high success rate
[13:11:11] [DEBUG] Task added: Scheduled self-improvement
[13:11:11] [DEBUG] Performance recorded: OTHER (0.000000s, success)
[13:11:11] [DEBUG] Executing task: Scheduled self-improvement
[13:11:11] [INFO] Performing self-maintenance
[13:11:11] [INFO] === Performance Analysis ===
[13:11:11] [INFO] GENERATE_CLASS: 100.000000% success, 0.000000s avg time
[13:11:11] [INFO] GENERATE_FUNCTION: 100.000000% success, 0.000000s avg time
[13:11:11] [INFO] OTHER: 100.000000% success, 0.000000s avg time
[13:11:11] [INFO] Optimizing code templates based on performance data
[13:11:11] [DEBUG] Added new class template
[13:11:11] [INFO] Added optimized class template
[13:11:11] [INFO] Updating configuration based on performance analysis
[13:11:11] [INFO] Increased task frequency due to high success rate
[13:11:11] [DEBUG] Task added: Scheduled self-improvement
[13:11:11] [DEBUG] Performance recorded: OTHER (0.000000s, success)
[13:11:11] [DEBUG] Executing task: Scheduled self-improvement
[13:11:11] [INFO] Performing self-maintenance
[13:11:11] [INFO] === Performance Analysis ===
[13:11:11] [INFO] GENERATE_CLASS: 100.000000% success, 0.000000s avg time
[13:11:11] [INFO] GENERATE_FUNCTION: 100.000000% success, 0.000000s avg time
[13:11:11] [INFO] OTHER: 100.000000% success, 0.000000s avg time
[13:11:11] [INFO] Optimizing code templates based on performance data
[13:11:11] [DEBUG] Added new class template
[13:11:11] [INFO] Added optimized class template
[13:11:11] [INFO] Updating configuration based on performance analysis
[13:11:11] [INFO] Increased task frequency due to high success rate
[13:11:11] [DEBUG] Task added: Scheduled self-improvement
[13:11:11] [DEBUG] Performance recorded: OTHER (0.000000s, success)
[13:11:11] [DEBUG] Executing task: Scheduled self-improvement
[13:11:11] [INFO] Performing self-maintenance
[13:11:11] [INFO] === Performance Analysis ===
[13:11:11] [INFO] GENERATE_CLASS: 100.000000% success, 0.000000s avg time
[13:11:11] [INFO] GENERATE_FUNCTION: 100.000000% success, 0.000000s avg time
[13:11:11] [INFO] OTHER: 100.000000% success, 0.000000s avg time
[13:11:11] [INFO] Optimizing code templates based on performance data
[13:11:11] [DEBUG] Added new class template
[13:11:11] [INFO] Added optimized class template
[13:11:11] [INFO] Updating configuration based on performance analysis
[13:11:11] [INFO] Increased task frequency due to high success rate
[13:11:11] [DEBUG] Task added: Scheduled self-improvement
[13:11:11] [DEBUG] Performance recorded: OTHER (0.000000s, success)
[13:11:11] [DEBUG] Executing task: Scheduled self-improvement
[13:11:11] [INFO] Performing self-maintenance
[13:11:11] [INFO] === Performance Analysis ===
[13:11:11] [INFO] GENERATE_CLASS: 100.000000% success, 0.000000s avg time
[13:11:11] [INFO] GENERATE_FUNCTION: 100.000000% success, 0.000000s avg time
[13:11:11] [INFO] OTHER: 100.000000% success, 0.000000s avg time
[13:11:11] [INFO] Optimizing code templates based on performance data
[13:11:11] [DEBUG] Added new class template
[13:11:11] [INFO] Added optimized class template
[13:11:11] [INFO] Updating configuration based on performance analysis
[13:11:11] [INFO] Increased task frequency due to high success rate
[13:11:11] [DEBUG] Task added: Scheduled self-improvement
[13:11:11] [DEBUG] Performance recorded: OTHER (0.000000s, success)
[13:11:11] [DEBUG] Executing task: Scheduled self-improvement
[13:11:11] [INFO] Performing self-maintenance
[13:11:11] [INFO] === Performance Analysis ===
[13:11:11] [INFO] GENERATE_CLASS: 100.000000% success, 0.000000s avg time
[13:11:11] [INFO] GENERATE_FUNCTION: 100.000000% success, 0.000000s avg time
[13:11:11] [INFO] OTHER: 100.000000% success, 0.000000s avg time
[13:11:11] [INFO] Optimizing code templates based on performance data
[13:11:11] [DEBUG] Added new class template
[13:11:11] [INFO] Added optimized class template
[13:11:11] [INFO] Updating configuration based on performance analysis
[13:11:11] [INFO] Increased task frequency due to high success rate
[13:11:11] [DEBUG] Task added: Scheduled self-improvement
[13:11:11] [DEBUG] Performance recorded: OTHER (0.000000s, success)
[13:11:12] [DEBUG] Executing task: Scheduled self-improvement
[13:11:12] [INFO] Performing self-maintenance
[13:11:12] [INFO] === Performance Analysis ===
[13:11:12] [INFO] GENERATE_CLASS: 100.000000% success, 0.000000s avg time
[13:11:12] [INFO] GENERATE_FUNCTION: 100.000000% success, 0.000000s avg time
[13:11:12] [INFO] OTHER: 100.000000% success, 0.000000s avg time
[13:11:12] [INFO] Optimizing code templates based on performance data
[13:11:12] [DEBUG] Added new class template
[13:11:12] [INFO] Added optimized class template
[13:11:12] [INFO] Updating configuration based on performance analysis
[13:11:12] [INFO] Increased task frequency due to high success rate
[13:11:12] [DEBUG] Task added: Scheduled self-improvement
[13:11:12] [DEBUG] Performance recorded: OTHER (0.000000s, success)
[13:11:12] [DEBUG] Executing task: Scheduled self-improvement
[13:11:12] [INFO] Performing self-maintenance
[13:11:12] [INFO] === Performance Analysis ===
[13:11:12] [INFO] GENERATE_CLASS: 100.000000% success, 0.000000s avg time
[13:11:12] [INFO] GENERATE_FUNCTION: 100.000000% success, 0.000000s avg time
[13:11:12] [INFO] OTHER: 100.000000% success, 0.000000s avg time
[13:11:12] [INFO] Optimizing code templates based on performance data
[13:11:12] [DEBUG] Added new class template
[13:11:12] [INFO] Added optimized class template
[13:11:12] [INFO] Updating configuration based on performance analysis
[13:11:12] [INFO] Increased task frequency due to high success rate
[13:11:12] [DEBUG] Task added: Scheduled self-improvement
[13:11:12] [DEBUG] Performance recorded: OTHER (0.000000s, success)
[13:11:12] [DEBUG] Executing task: Scheduled self-improvement
[13:11:12] [INFO] Performing self-maintenance
[13:11:12] [INFO] === Performance Analysis ===
[13:11:12] [INFO] GENERATE_CLASS: 100.000000% success, 0.000000s avg time
[13:11:12] [INFO] GENERATE_FUNCTION: 100.000000% success, 0.000000s avg time
[13:11:12] [INFO] OTHER: 100.000000% success, 0.000000s avg time
[13:11:12] [INFO] Optimizing code templates based on performance data
[13:11:12] [DEBUG] Added new class template
[13:11:12] [INFO] Added optimized class template
[13:11:12] [INFO] Updating configuration based on performance analysis
[13:11:12] [INFO] Increased task frequency due to high success rate
[13:11:12] [DEBUG] Task added: Scheduled self-improvement
[13:11:12] [DEBUG] Performance recorded: OTHER (0.000000s, success)
[13:11:12] [DEBUG] Executing task: Scheduled self-improvement
[13:11:12] [INFO] Performing self-maintenance
[13:11:12] [INFO] === Performance Analysis ===
[13:11:12] [INFO] GENERATE_CLASS: 100.000000% success, 0.000000s avg time
[13:11:12] [INFO] GENERATE_FUNCTION: 100.000000% success, 0.000000s avg time
[13:11:12] [INFO] OTHER: 100.000000% success, 0.000000s avg time
[13:11:12] [INFO] Optimizing code templates based on performance data
[13:11:12] [DEBUG] Added new class template
[13:11:12] [INFO] Added optimized class template
[13:11:12] [INFO] Updating configuration based on performance analysis
[13:11:12] [INFO] Increased task frequency due to high success rate
[13:11:12] [DEBUG] Task added: Scheduled self-improvement
[13:11:12] [DEBUG] Performance recorded: OTHER (0.000000s, success)
[13:11:12] [DEBUG] Executing task: Scheduled self-improvement
[13:11:12] [INFO] Performing self-maintenance
[13:11:12] [INFO] === Performance Analysis ===
[13:11:12] [INFO] GENERATE_CLASS: 100.000000% success, 0.000000s avg time
[13:11:12] [INFO] GENERATE_FUNCTION: 100.000000% success, 0.000000s avg time
[13:11:12] [INFO] OTHER: 100.000000% success, 0.000000s avg time
[13:11:12] [INFO] Optimizing code templates based on performance data
[13:11:12] [DEBUG] Added new class template
[13:11:12] [INFO] Added optimized class template
[13:11:12] [INFO] Updating configuration based on performance analysis
[13:11:12] [INFO] Increased task frequency due to high success rate
[13:11:12] [DEBUG] Task added: Scheduled self-improvement
[13:11:12] [DEBUG] Performance recorded: OTHER (0.000000s, success)
[13:11:12] [DEBUG] Executing task: Scheduled self-improvement
[13:11:12] [INFO] Performing self-maintenance
[13:11:12] [INFO] === Performance Analysis ===
[13:11:12] [INFO] GENERATE_CLASS: 100.000000% success, 0.000000s avg time
[13:11:12] [INFO] GENERATE_FUNCTION: 100.000000% success, 0.000000s avg time
[13:11:12] [INFO] OTHER: 100.000000% success, 0.000000s avg time
[13:11:12] [INFO] Optimizing code templates based on performance data
[13:11:12] [DEBUG] Added new class template
[13:11:12] [INFO] Added optimized class template
[13:11:12] [INFO] Updating configuration based on performance analysis
[13:11:12] [INFO] Increased task frequency due to high success rate
[13:11:12] [DEBUG] Task added: Scheduled self-improvement
[13:11:12] [DEBUG] Performance recorded: OTHER (0.000000s, success)
[13:11:12] [DEBUG] Executing task: Scheduled self-improvement
[13:11:12] [INFO] Performing self-maintenance
[13:11:12] [INFO] === Performance Analysis ===
[13:11:12] [INFO] GENERATE_CLASS: 100.000000% success, 0.000000s avg time
[13:11:12] [INFO] GENERATE_FUNCTION: 100.000000% success, 0.000000s avg time
[13:11:12] [INFO] OTHER: 100.000000% success, 0.000000s avg time
[13:11:12] [INFO] Optimizing code templates based on performance data
[13:11:12] [DEBUG] Added new class template
[13:11:12] [INFO] Added optimized class template
[13:11:12] [INFO] Updating configuration based on performance analysis
[13:11:12] [INFO] Increased task frequency due to high success rate
[13:11:12] [DEBUG] Task added: Scheduled self-improvement
[13:11:12] [DEBUG] Performance recorded: OTHER (0.000000s, success)
[13:11:12] [DEBUG] Executing task: Scheduled self-improvement
[13:11:12] [INFO] Performing self-maintenance
[13:11:12] [INFO] === Performance Analysis ===
[13:11:12] [INFO] GENERATE_CLASS: 100.000000% success, 0.000000s avg time
[13:11:12] [INFO] GENERATE_FUNCTION: 100.000000% success, 0.000000s avg time
[13:11:12] [INFO] OTHER: 100.000000% success, 0.000000s avg time
[13:11:12] [INFO] Optimizing code templates based on performance data
[13:11:12] [DEBUG] Added new class template
[13:11:12] [INFO] Added optimized class template
[13:11:12] [INFO] Updating configuration based on performance analysis
[13:11:12] [INFO] Increased task frequency due to high success rate
[13:11:12] [DEBUG] Task added: Scheduled self-improvement
[13:11:12] [DEBUG] Performance recorded: OTHER (0.000000s, success)
[13:11:12] [DEBUG] Executing task: Scheduled self-improvement
[13:11:12] [INFO] Performing self-maintenance
[13:11:12] [INFO] === Performance Analysis ===
[13:11:12] [INFO] GENERATE_CLASS: 100.000000% success, 0.000000s avg time
[13:11:12] [INFO] GENERATE_FUNCTION: 100.000000% success, 0.000000s avg time
[13:11:12] [INFO] OTHER: 100.000000% success, 0.000000s avg time
[13:11:12] [INFO] Optimizing code templates based on performance data
[13:11:12] [DEBUG] Added new class template
[13:11:12] [INFO] Added optimized class template
[13:11:12] [INFO] Updating configuration based on performance analysis
[13:11:12] [INFO] Increased task frequency due to high success rate
[13:11:12] [DEBUG] Task added: Scheduled self-improvement
[13:11:12] [DEBUG] Performance recorded: OTHER (0.000000s, success)
[13:11:12] [DEBUG] Executing task: Scheduled self-improvement
[13:11:12] [INFO] Performing self-maintenance
[13:11:12] [INFO] === Performance Analysis ===
[13:11:12] [INFO] GENERATE_CLASS: 100.000000% success, 0.000000s avg time
[13:11:12] [INFO] GENERATE_FUNCTION: 100.000000% success, 0.000000s avg time
[13:11:12] [INFO] OTHER: 100.000000% success, 0.000000s avg time
[13:11:12] [INFO] Optimizing code templates based on performance data
[13:11:12] [DEBUG] Added new class template
[13:11:12] [INFO] Added optimized class template
[13:11:12] [INFO] Updating configuration based on performance analysis
[13:11:12] [INFO] Increased task frequency due to high success rate
[13:11:12] [DEBUG] Task added: Scheduled self-improvement
[13:11:12] [DEBUG] Performance recorded: OTHER (0.000000s, success)
[13:11:13] [DEBUG] Executing task: Scheduled self-improvement
[13:11:13] [INFO] Performing self-maintenance
[13:11:13] [INFO] === Performance Analysis ===
[13:11:13] [INFO] GENERATE_CLASS: 100.000000% success, 0.000000s avg time
[13:11:13] [INFO] GENERATE_FUNCTION: 100.000000% success, 0.000000s avg time
[13:11:13] [INFO] OTHER: 100.000000% success, 0.000000s avg time
[13:11:13] [INFO] Optimizing code templates based on performance data
[13:11:13] [DEBUG] Added new class template
[13:11:13] [INFO] Added optimized class template
[13:11:13] [INFO] Updating configuration based on performance analysis
[13:11:13] [INFO] Increased task frequency due to high success rate
[13:11:13] [DEBUG] Task added: Scheduled self-improvement
[13:11:13] [DEBUG] Performance recorded: OTHER (0.000000s, success)
[13:11:13] [DEBUG] Executing task: Scheduled self-improvement
[13:11:13] [INFO] Performing self-maintenance
[13:11:13] [INFO] === Performance Analysis ===
[13:11:13] [INFO] GENERATE_CLASS: 100.000000% success, 0.000000s avg time
[13:11:13] [INFO] GENERATE_FUNCTION: 100.000000% success, 0.000000s avg time
[13:11:13] [INFO] OTHER: 100.000000% success, 0.000000s avg time
[13:11:13] [INFO] Optimizing code templates based on performance data
[13:11:13] [DEBUG] Added new class template
[13:11:13] [INFO] Added optimized class template
[13:11:13] [INFO] Updating configuration based on performance analysis
[13:11:13] [INFO] Increased task frequency due to high success rate
[13:11:13] [DEBUG] Task added: Scheduled self-improvement
[13:11:13] [DEBUG] Performance recorded: OTHER (0.000000s, success)
[13:11:13] [DEBUG] Executing task: Scheduled self-improvement
[13:11:13] [INFO] Performing self-maintenance
[13:11:13] [INFO] === Performance Analysis ===
[13:11:13] [INFO] GENERATE_CLASS: 100.000000% success, 0.000000s avg time
[13:11:13] [INFO] GENERATE_FUNCTION: 100.000000% success, 0.000000s avg time
[13:11:13] [INFO] OTHER: 100.000000% success, 0.000000s avg time
[13:11:13] [INFO] Optimizing code templates based on performance data
[13:11:13] [DEBUG] Added new class template
[13:11:13] [INFO] Added optimized class template
[13:11:13] [INFO] Updating configuration based on performance analysis
[13:11:13] [INFO] Increased task frequency due to high success rate
[13:11:13] [DEBUG] Task added: Scheduled self-improvement
[13:11:13] [DEBUG] Performance recorded: OTHER (0.000000s, success)
[13:11:13] [DEBUG] Executing task: Scheduled self-improvement
[13:11:13] [INFO] Performing self-maintenance
[13:11:13] [INFO] === Performance Analysis ===
[13:11:13] [INFO] GENERATE_CLASS: 100.000000% success, 0.000000s avg time
[13:11:13] [INFO] GENERATE_FUNCTION: 100.000000% success, 0.000000s avg time
[13:11:13] [INFO] OTHER: 100.000000% success, 0.000000s avg time
[13:11:13] [INFO] Optimizing code templates based on performance data
[13:11:13] [DEBUG] Added new class template
[13:11:13] [INFO] Added optimized class template
[13:11:13] [INFO] Updating configuration based on performance analysis
[13:11:13] [INFO] Increased task frequency due to high success rate
[13:11:13] [DEBUG] Task added: Scheduled self-improvement
[13:11:13] [DEBUG] Performance recorded: OTHER (0.000000s, success)
[13:11:13] [DEBUG] Executing task: Scheduled self-improvement
[13:11:13] [INFO] Performing self-maintenance
[13:11:13] [INFO] === Performance Analysis ===
[13:11:13] [INFO] GENERATE_CLASS: 100.000000% success, 0.000000s avg time
[13:11:13] [INFO] GENERATE_FUNCTION: 100.000000% success, 0.000000s avg time
[13:11:13] [INFO] OTHER: 100.000000% success, 0.000000s avg time
[13:11:13] [INFO] Optimizing code templates based on performance data
[13:11:13] [DEBUG] Added new class template
[13:11:13] [INFO] Added optimized class template
[13:11:13] [INFO] Updating configuration based on performance analysis
[13:11:13] [INFO] Increased task frequency due to high success rate
[13:11:13] [DEBUG] Task added: Scheduled self-improvement
[13:11:13] [DEBUG] Performance recorded: OTHER (0.000000s, success)
[13:11:13] [DEBUG] Executing task: Scheduled self-improvement
[13:11:13] [INFO] Performing self-maintenance
[13:11:13] [INFO] === Performance Analysis ===
[13:11:13] [INFO] GENERATE_CLASS: 100.000000% success, 0.000000s avg time
[13:11:13] [INFO] GENERATE_FUNCTION: 100.000000% success, 0.000000s avg time
[13:11:13] [INFO] OTHER: 100.000000% success, 0.000000s avg time
[13:11:13] [INFO] Optimizing code templates based on performance data
[13:11:13] [DEBUG] Added new class template
[13:11:13] [INFO] Added optimized class template
[13:11:13] [INFO] Updating configuration based on performance analysis
[13:11:13] [INFO] Increased task frequency due to high success rate
[13:11:13] [DEBUG] Task added: Scheduled self-improvement
[13:11:13] [DEBUG] Performance recorded: OTHER (0.000000s, success)
[13:11:13] [DEBUG] Executing task: Scheduled self-improvement
[13:11:13] [INFO] Performing self-maintenance
[13:11:13] [INFO] === Performance Analysis ===
[13:11:13] [INFO] GENERATE_CLASS: 100.000000% success, 0.000000s avg time
[13:11:13] [INFO] GENERATE_FUNCTION: 100.000000% success, 0.000000s avg time
[13:11:13] [INFO] OTHER: 100.000000% success, 0.000000s avg time
[13:11:13] [INFO] Optimizing code templates based on performance data
[13:11:13] [DEBUG] Added new class template
[13:11:13] [INFO] Added optimized class template
[13:11:13] [INFO] Updating configuration based on performance analysis
[13:11:13] [INFO] Increased task frequency due to high success rate
[13:11:13] [DEBUG] Task added: Scheduled self-improvement
[13:11:13] [DEBUG] Performance recorded: OTHER (0.000000s, success)
[13:11:13] [DEBUG] Executing task: Scheduled self-improvement
[13:11:13] [INFO] Performing self-maintenance
[13:11:13] [INFO] === Performance Analysis ===
[13:11:13] [INFO] GENERATE_CLASS: 100.000000% success, 0.000000s avg time
[13:11:13] [INFO] GENERATE_FUNCTION: 100.000000% success, 0.000000s avg time
[13:11:13] [INFO] OTHER: 100.000000% success, 0.000000s avg time
[13:11:13] [INFO] Optimizing code templates based on performance data
[13:11:13] [DEBUG] Added new class template
[13:11:13] [INFO] Added optimized class template
[13:11:13] [INFO] Updating configuration based on performance analysis
[13:11:13] [INFO] Increased task frequency due to high success rate
[13:11:13] [DEBUG] Task added: Scheduled self-improvement
[13:11:13] [DEBUG] Performance recorded: OTHER (0.000000s, success)
[13:11:13] [DEBUG] Executing task: Scheduled self-improvement
[13:11:13] [INFO] Performing self-maintenance
[13:11:13] [INFO] === Performance Analysis ===
[13:11:13] [INFO] GENERATE_CLASS: 100.000000% success, 0.000000s avg time
[13:11:13] [INFO] GENERATE_FUNCTION: 100.000000% success, 0.000000s avg time
[13:11:13] [INFO] OTHER: 100.000000% success, 0.000000s avg time
[13:11:13] [INFO] Optimizing code templates based on performance data
[13:11:13] [DEBUG] Added new class template
[13:11:13] [INFO] Added optimized class template
[13:11:13] [INFO] Updating configuration based on performance analysis
[13:11:13] [INFO] Increased task frequency due to high success rate
[13:11:13] [DEBUG] Task added: Scheduled self-improvement
[13:11:13] [DEBUG] Performance recorded: OTHER (0.000000s, success)
[13:11:13] [DEBUG] Executing task: Scheduled self-improvement
[13:11:13] [INFO] Performing self-maintenance
[13:11:13] [INFO] === Performance Analysis ===
[13:11:13] [INFO] GENERATE_CLASS: 100.000000% success, 0.000000s avg time
[13:11:13] [INFO] GENERATE_FUNCTION: 100.000000% success, 0.000000s avg time
[13:11:13] [INFO] OTHER: 100.000000% success, 0.000000s avg time
[13:11:13] [INFO] Optimizing code templates based on performance data
[13:11:13] [DEBUG] Added new class template
[13:11:13] [INFO] Added optimized class template
[13:11:13] [INFO] Updating configuration based on performance analysis
[13:11:13] [INFO] Increased task frequency due to high success rate
[13:11:13] [DEBUG] Task added: Scheduled self-improvement
[13:11:13] [DEBUG] Performance recorded: OTHER (0.000000s, success)
[13:11:14] [DEBUG] Executing task: Scheduled self-improvement
[13:11:14] [INFO] Performing self-maintenance
[13:11:14] [INFO] === Performance Analysis ===
[13:11:14] [INFO] GENERATE_CLASS: 100.000000% success, 0.000000s avg time
[13:11:14] [INFO] GENERATE_FUNCTION: 100.000000% success, 0.000000s avg time
[13:11:14] [INFO] OTHER: 100.000000% success, 0.000000s avg time
[13:11:14] [INFO] Optimizing code templates based on performance data
[13:11:14] [DEBUG] Added new class template
[13:11:14] [INFO] Added optimized class template
[13:11:14] [INFO] Updating configuration based on performance analysis
[13:11:14] [INFO] Increased task frequency due to high success rate
[13:11:14] [DEBUG] Task added: Scheduled self-improvement
[13:11:14] [DEBUG] Performance recorded: OTHER (0.000000s, success)
[13:11:14] [DEBUG] Executing task: Scheduled self-improvement
[13:11:14] [INFO] Performing self-maintenance
[13:11:14] [INFO] === Performance Analysis ===
[13:11:14] [INFO] GENERATE_CLASS: 100.000000% success, 0.000000s avg time
[13:11:14] [INFO] GENERATE_FUNCTION: 100.000000% success, 0.000000s avg time
[13:11:14] [INFO] OTHER: 100.000000% success, 0.000000s avg time
[13:11:14] [INFO] Optimizing code templates based on performance data
[13:11:14] [DEBUG] Added new class template
[13:11:14] [INFO] Added optimized class template
[13:11:14] [INFO] Updating configuration based on performance analysis
[13:11:14] [INFO] Increased task frequency due to high success rate
[13:11:14] [DEBUG] Task added: Scheduled self-improvement
[13:11:14] [DEBUG] Performance recorded: OTHER (0.000000s, success)
[13:11:14] [DEBUG] Executing task: Scheduled self-improvement
[13:11:14] [INFO] Performing self-maintenance
[13:11:14] [INFO] === Performance Analysis ===
[13:11:14] [INFO] GENERATE_CLASS: 100.000000% success, 0.000000s avg time
[13:11:14] [INFO] GENERATE_FUNCTION: 100.000000% success, 0.000000s avg time
[13:11:14] [INFO] OTHER: 100.000000% success, 0.000000s avg time
[13:11:14] [INFO] Optimizing code templates based on performance data
[13:11:14] [DEBUG] Added new class template
[13:11:14] [INFO] Added optimized class template
[13:11:14] [INFO] Updating configuration based on performance analysis
[13:11:14] [INFO] Increased task frequency due to high success rate
[13:11:14] [DEBUG] Task added: Scheduled self-improvement
[13:11:14] [DEBUG] Performance recorded: OTHER (0.000000s, success)
[13:11:14] [DEBUG] Executing task: Scheduled self-improvement
[13:11:14] [INFO] Performing self-maintenance
[13:11:14] [INFO] === Performance Analysis ===
[13:11:14] [INFO] GENERATE_CLASS: 100.000000% success, 0.000000s avg time
[13:11:14] [INFO] GENERATE_FUNCTION: 100.000000% success, 0.000000s avg time
[13:11:14] [INFO] OTHER: 100.000000% success, 0.000000s avg time
[13:11:14] [INFO] Optimizing code templates based on performance data
[13:11:14] [DEBUG] Added new class template
[13:11:14] [INFO] Added optimized class template
[13:11:14] [INFO] Updating configuration based on performance analysis
[13:11:14] [INFO] Increased task frequency due to high success rate
[13:11:14] [DEBUG] Task added: Scheduled self-improvement
[13:11:14] [DEBUG] Performance recorded: OTHER (0.000000s, success)
[13:11:14] [DEBUG] Executing task: Scheduled self-improvement
[13:11:14] [INFO] Performing self-maintenance
[13:11:14] [INFO] === Performance Analysis ===
[13:11:14] [INFO] GENERATE_CLASS: 100.000000% success, 0.000000s avg time
[13:11:14] [INFO] GENERATE_FUNCTION: 100.000000% success, 0.000000s avg time
[13:11:14] [INFO] OTHER: 100.000000% success, 0.000000s avg time
[13:11:14] [INFO] Optimizing code templates based on performance data
[13:11:14] [DEBUG] Added new class template
[13:11:14] [INFO] Added optimized class template
[13:11:14] [INFO] Updating configuration based on performance analysis
[13:11:14] [INFO] Increased task frequency due to high success rate
[13:11:14] [DEBUG] Task added: Scheduled self-improvement
[13:11:14] [DEBUG] Performance recorded: OTHER (0.000000s, success)
[13:11:14] [DEBUG] Executing task: Scheduled self-improvement
[13:11:14] [INFO] Performing self-maintenance
[13:11:14] [INFO] === Performance Analysis ===
[13:11:14] [INFO] GENERATE_CLASS: 100.000000% success, 0.000000s avg time
[13:11:14] [INFO] GENERATE_FUNCTION: 100.000000% success, 0.000000s avg time
[13:11:14] [INFO] OTHER: 100.000000% success, 0.000000s avg time
[13:11:14] [INFO] Optimizing code templates based on performance data
[13:11:14] [DEBUG] Added new class template
[13:11:14] [INFO] Added optimized class template
[13:11:14] [INFO] Updating configuration based on performance analysis
[13:11:14] [INFO] Increased task frequency due to high success rate
[13:11:14] [DEBUG] Task added: Scheduled self-improvement
[13:11:14] [DEBUG] Performance recorded: OTHER (0.000000s, success)
[13:11:14] [DEBUG] Executing task: Scheduled self-improvement
[13:11:14] [INFO] Performing self-maintenance
[13:11:14] [INFO] === Performance Analysis ===
[13:11:14] [INFO] GENERATE_CLASS: 100.000000% success, 0.000000s avg time
[13:11:14] [INFO] GENERATE_FUNCTION: 100.000000% success, 0.000000s avg time
[13:11:14] [INFO] OTHER: 100.000000% success, 0.000000s avg time
[13:11:14] [INFO] Optimizing code templates based on performance data
[13:11:14] [DEBUG] Added new class template
[13:11:14] [INFO] Added optimized class template
[13:11:14] [INFO] Updating configuration based on performance analysis
[13:11:14] [INFO] Increased task frequency due to high success rate
[13:11:14] [DEBUG] Task added: Scheduled self-improvement
[13:11:14] [DEBUG] Performance recorded: OTHER (0.000000s, success)
[13:11:14] [DEBUG] Executing task: Scheduled self-improvement
[13:11:14] [INFO] Performing self-maintenance
[13:11:14] [INFO] === Performance Analysis ===
[13:11:14] [INFO] GENERATE_CLASS: 100.000000% success, 0.000000s avg time
[13:11:14] [INFO] GENERATE_FUNCTION: 100.000000% success, 0.000000s avg time
[13:11:14] [INFO] OTHER: 100.000000% success, 0.000000s avg time
[13:11:14] [INFO] Optimizing code templates based on performance data
[13:11:14] [DEBUG] Added new class template
[13:11:14] [INFO] Added optimized class template
[13:11:14] [INFO] Updating configuration based on performance analysis
[13:11:14] [INFO] Increased task frequency due to high success rate
[13:11:14] [DEBUG] Task added: Scheduled self-improvement
[13:11:14] [DEBUG] Performance recorded: OTHER (0.000000s, success)
[13:11:14] [DEBUG] Executing task: Scheduled self-improvement
[13:11:14] [INFO] Performing self-maintenance
[13:11:14] [INFO] === Performance Analysis ===
[13:11:14] [INFO] GENERATE_CLASS: 100.000000% success, 0.000000s avg time
[13:11:14] [INFO] GENERATE_FUNCTION: 100.000000% success, 0.000000s avg time
[13:11:14] [INFO] OTHER: 100.000000% success, 0.000000s avg time
[13:11:14] [INFO] Optimizing code templates based on performance data
[13:11:14] [DEBUG] Added new class template
[13:11:14] [INFO] Added optimized class template
[13:11:14] [INFO] Updating configuration based on performance analysis
[13:11:14] [INFO] Increased task frequency due to high success rate
[13:11:14] [DEBUG] Task added: Scheduled self-improvement
[13:11:14] [DEBUG] Performance recorded: OTHER (0.000000s, success)
[13:11:14] [DEBUG] Executing task: Scheduled self-improvement
[13:11:14] [INFO] Performing self-maintenance
[13:11:14] [INFO] === Performance Analysis ===
[13:11:14] [INFO] GENERATE_CLASS: 100.000000% success, 0.000000s avg time
[13:11:14] [INFO] GENERATE_FUNCTION: 100.000000% success, 0.000000s avg time
[13:11:14] [INFO] OTHER: 100.000000% success, 0.000000s avg time
[13:11:14] [INFO] Optimizing code templates based on performance data
[13:11:14] [DEBUG] Added new class template
[13:11:14] [INFO] Added optimized class template
[13:11:14] [INFO] Updating configuration based on performance analysis
[13:11:14] [INFO] Increased task frequency due to high success rate
[13:11:14] [DEBUG] Task added: Scheduled self-improvement
[13:11:14] [DEBUG] Performance recorded: OTHER (0.000000s, success)
[13:11:15] [DEBUG] Executing task: Scheduled self-improvement
[13:11:15] [INFO] Performing self-maintenance
[13:11:15] [INFO] === Performance Analysis ===
[13:11:15] [INFO] GENERATE_CLASS: 100.000000% success, 0.000000s avg time
[13:11:15] [INFO] GENERATE_FUNCTION: 100.000000% success, 0.000000s avg time
[13:11:15] [INFO] OTHER: 100.000000% success, 0.000000s avg time
[13:11:15] [INFO] Optimizing code templates based on performance data
[13:11:15] [DEBUG] Added new class template
[13:11:15] [INFO] Added optimized class template
[13:11:15] [INFO] Updating configuration based on performance analysis
[13:11:15] [INFO] Increased task frequency due to high success rate
[13:11:15] [DEBUG] Task added: Scheduled self-improvement
[13:11:15] [DEBUG] Performance recorded: OTHER (0.000000s, success)
[13:11:15] [DEBUG] Executing task: Scheduled self-improvement
[13:11:15] [INFO] Performing self-maintenance
[13:11:15] [INFO] === Performance Analysis ===
[13:11:15] [INFO] GENERATE_CLASS: 100.000000% success, 0.000000s avg time
[13:11:15] [INFO] GENERATE_FUNCTION: 100.000000% success, 0.000000s avg time
[13:11:15] [INFO] OTHER: 100.000000% success, 0.000000s avg time
[13:11:15] [INFO] Optimizing code templates based on performance data
[13:11:15] [DEBUG] Added new class template
[13:11:15] [INFO] Added optimized class template
[13:11:15] [INFO] Updating configuration based on performance analysis
[13:11:15] [INFO] Increased task frequency due to high success rate
[13:11:15] [DEBUG] Task added: Scheduled self-improvement
[13:11:15] [DEBUG] Performance recorded: OTHER (0.000000s, success)
[13:11:15] [DEBUG] Executing task: Scheduled self-improvement
[13:11:15] [INFO] Performing self-maintenance
[13:11:15] [INFO] === Performance Analysis ===
[13:11:15] [INFO] GENERATE_CLASS: 100.000000% success, 0.000000s avg time
[13:11:15] [INFO] GENERATE_FUNCTION: 100.000000% success, 0.000000s avg time
[13:11:15] [INFO] OTHER: 100.000000% success, 0.000000s avg time
[13:11:15] [INFO] Optimizing code templates based on performance data
[13:11:15] [DEBUG] Added new class template
[13:11:15] [INFO] Added optimized class template
[13:11:15] [INFO] Updating configuration based on performance analysis
[13:11:15] [INFO] Increased task frequency due to high success rate
[13:11:15] [DEBUG] Task added: Scheduled self-improvement
[13:11:15] [DEBUG] Performance recorded: OTHER (0.000000s, success)
[13:11:15] [DEBUG] Executing task: Scheduled self-improvement
[13:11:15] [INFO] Performing self-maintenance
[13:11:15] [INFO] === Performance Analysis ===
[13:11:15] [INFO] GENERATE_CLASS: 100.000000% success, 0.000000s avg time
[13:11:15] [INFO] GENERATE_FUNCTION: 100.000000% success, 0.000000s avg time
[13:11:15] [INFO] OTHER: 100.000000% success, 0.000000s avg time
[13:11:15] [INFO] Optimizing code templates based on performance data
[13:11:15] [DEBUG] Added new class template
[13:11:15] [INFO] Added optimized class template
[13:11:15] [INFO] Updating configuration based on performance analysis
[13:11:15] [INFO] Increased task frequency due to high success rate
[13:11:15] [DEBUG] Task added: Scheduled self-improvement
[13:11:15] [DEBUG] Performance recorded: OTHER (0.000000s, success)
[13:11:15] [DEBUG] Executing task: Scheduled self-improvement
[13:11:15] [INFO] Performing self-maintenance
[13:11:15] [INFO] === Performance Analysis ===
[13:11:15] [INFO] GENERATE_CLASS: 100.000000% success, 0.000000s avg time
[13:11:15] [INFO] GENERATE_FUNCTION: 100.000000% success, 0.000000s avg time
[13:11:15] [INFO] OTHER: 100.000000% success, 0.000000s avg time
[13:11:15] [INFO] Optimizing code templates based on performance data
[13:11:15] [DEBUG] Added new class template
[13:11:15] [INFO] Added optimized class template
[13:11:15] [INFO] Updating configuration based on performance analysis
[13:11:15] [INFO] Increased task frequency due to high success rate
[13:11:15] [DEBUG] Task added: Scheduled self-improvement
[13:11:15] [DEBUG] Performance recorded: OTHER (0.000000s, success)
[13:11:15] [DEBUG] Executing task: Scheduled self-improvement
[13:11:15] [INFO] Performing self-maintenance
[13:11:15] [INFO] === Performance Analysis ===
[13:11:15] [INFO] GENERATE_CLASS: 100.000000% success, 0.000000s avg time
[13:11:15] [INFO] GENERATE_FUNCTION: 100.000000% success, 0.000000s avg time
[13:11:15] [INFO] OTHER: 100.000000% success, 0.000000s avg time
[13:11:15] [INFO] Optimizing code templates based on performance data
[13:11:15] [DEBUG] Added new class template
[13:11:15] [INFO] Added optimized class template
[13:11:15] [INFO] Updating configuration based on performance analysis
[13:11:15] [INFO] Increased task frequency due to high success rate
[13:11:15] [DEBUG] Task added: Scheduled self-improvement
[13:11:15] [DEBUG] Performance recorded: OTHER (0.000000s, success)
[13:11:15] [DEBUG] Executing task: Scheduled self-improvement
[13:11:15] [INFO] Performing self-maintenance
[13:11:15] [INFO] === Performance Analysis ===
[13:11:15] [INFO] GENERATE_CLASS: 100.000000% success, 0.000000s avg time
[13:11:15] [INFO] GENERATE_FUNCTION: 100.000000% success, 0.000000s avg time
[13:11:15] [INFO] OTHER: 100.000000% success, 0.000000s avg time
[13:11:15] [INFO] Optimizing code templates based on performance data
[13:11:15] [DEBUG] Added new class template
[13:11:15] [INFO] Added optimized class template
[13:11:15] [INFO] Updating configuration based on performance analysis
[13:11:15] [INFO] Increased task frequency due to high success rate
[13:11:15] [DEBUG] Task added: Scheduled self-improvement
[13:11:15] [DEBUG] Performance recorded: OTHER (0.000000s, success)
[13:11:15] [DEBUG] Executing task: Scheduled self-improvement
[13:11:15] [INFO] Performing self-maintenance
[13:11:15] [INFO] === Performance Analysis ===
[13:11:15] [INFO] GENERATE_CLASS: 100.000000% success, 0.000000s avg time
[13:11:15] [INFO] GENERATE_FUNCTION: 100.000000% success, 0.000000s avg time
[13:11:15] [INFO] OTHER: 100.000000% success, 0.000000s avg time
[13:11:15] [INFO] Optimizing code templates based on performance data
[13:11:15] [DEBUG] Added new class template
[13:11:15] [INFO] Added optimized class template
[13:11:15] [INFO] Updating configuration based on performance analysis
[13:11:15] [INFO] Increased task frequency due to high success rate
[13:11:15] [DEBUG] Task added: Scheduled self-improvement
[13:11:15] [DEBUG] Performance recorded: OTHER (0.000000s, success)
[13:11:15] [DEBUG] Executing task: Scheduled self-improvement
[13:11:15] [INFO] Performing self-maintenance
[13:11:15] [INFO] === Performance Analysis ===
[13:11:15] [INFO] GENERATE_CLASS: 100.000000% success, 0.000000s avg time
[13:11:15] [INFO] GENERATE_FUNCTION: 100.000000% success, 0.000000s avg time
[13:11:15] [INFO] OTHER: 100.000000% success, 0.000000s avg time
[13:11:15] [INFO] Optimizing code templates based on performance data
[13:11:15] [DEBUG] Added new class template
[13:11:15] [INFO] Added optimized class template
[13:11:15] [INFO] Updating configuration based on performance analysis
[13:11:15] [INFO] Increased task frequency due to high success rate
[13:11:15] [DEBUG] Task added: Scheduled self-improvement
[13:11:15] [DEBUG] Performance recorded: OTHER (0.000000s, success)
[13:11:15] [DEBUG] Executing task: Scheduled self-improvement
[13:11:15] [INFO] Performing self-maintenance
[13:11:15] [INFO] === Performance Analysis ===
[13:11:15] [INFO] GENERATE_CLASS: 100.000000% success, 0.000000s avg time
[13:11:15] [INFO] GENERATE_FUNCTION: 100.000000% success, 0.000000s avg time
[13:11:15] [INFO] OTHER: 100.000000% success, 0.000000s avg time
[13:11:15] [INFO] Optimizing code templates based on performance data
[13:11:15] [DEBUG] Added new class template
[13:11:15] [INFO] Added optimized class template
[13:11:15] [INFO] Updating configuration based on performance analysis
[13:11:15] [INFO] Increased task frequency due to high success rate
[13:11:15] [DEBUG] Task added: Scheduled self-improvement
[13:11:15] [DEBUG] Performance recorded: OTHER (0.000000s, success)
[13:11:16] [DEBUG] Executing task: Scheduled self-improvement
[13:11:16] [INFO] Performing self-maintenance
[13:11:16] [INFO] === Performance Analysis ===
[13:11:16] [INFO] GENERATE_CLASS: 100.000000% success, 0.000000s avg time
[13:11:16] [INFO] GENERATE_FUNCTION: 100.000000% success, 0.000000s avg time
[13:11:16] [INFO] OTHER: 100.000000% success, 0.000000s avg time
[13:11:16] [INFO] Optimizing code templates based on performance data
[13:11:16] [DEBUG] Added new class template
[13:11:16] [INFO] Added optimized class template
[13:11:16] [INFO] Updating configuration based on performance analysis
[13:11:16] [INFO] Increased task frequency due to high success rate
[13:11:16] [DEBUG] Task added: Scheduled self-improvement
[13:11:16] [DEBUG] Performance recorded: OTHER (0.000000s, success)
[13:11:16] [DEBUG] Executing task: Scheduled self-improvement
[13:11:16] [INFO] Performing self-maintenance
[13:11:16] [INFO] === Performance Analysis ===
[13:11:16] [INFO] GENERATE_CLASS: 100.000000% success, 0.000000s avg time
[13:11:16] [INFO] GENERATE_FUNCTION: 100.000000% success, 0.000000s avg time
[13:11:16] [INFO] OTHER: 100.000000% success, 0.000000s avg time
[13:11:16] [INFO] Optimizing code templates based on performance data
[13:11:16] [DEBUG] Added new class template
[13:11:16] [INFO] Added optimized class template
[13:11:16] [INFO] Updating configuration based on performance analysis
[13:11:16] [INFO] Increased task frequency due to high success rate
[13:11:16] [DEBUG] Task added: Scheduled self-improvement
[13:11:16] [DEBUG] Performance recorded: OTHER (0.000000s, success)
[13:11:16] [DEBUG] Executing task: Scheduled self-improvement
[13:11:16] [INFO] Performing self-maintenance
[13:11:16] [INFO] === Performance Analysis ===
[13:11:16] [INFO] GENERATE_CLASS: 100.000000% success, 0.000000s avg time
[13:11:16] [INFO] GENERATE_FUNCTION: 100.000000% success, 0.000000s avg time
[13:11:16] [INFO] OTHER: 100.000000% success, 0.000000s avg time
[13:11:16] [INFO] Optimizing code templates based on performance data
[13:11:16] [DEBUG] Added new class template
[13:11:16] [INFO] Added optimized class template
[13:11:16] [INFO] Updating configuration based on performance analysis
[13:11:16] [INFO] Increased task frequency due to high success rate
[13:11:16] [DEBUG] Task added: Scheduled self-improvement
[13:11:16] [DEBUG] Performance recorded: OTHER (0.000000s, success)
[13:11:16] [DEBUG] Executing task: Scheduled self-improvement
[13:11:16] [INFO] Performing self-maintenance
[13:11:16] [INFO] === Performance Analysis ===
[13:11:16] [INFO] GENERATE_CLASS: 100.000000% success, 0.000000s avg time
[13:11:16] [INFO] GENERATE_FUNCTION: 100.000000% success, 0.000000s avg time
[13:11:16] [INFO] OTHER: 100.000000% success, 0.000000s avg time
[13:11:16] [INFO] Optimizing code templates based on performance data
[13:11:16] [DEBUG] Added new class template
[13:11:16] [INFO] Added optimized class template
[13:11:16] [INFO] Updating configuration based on performance analysis
[13:11:16] [INFO] Increased task frequency due to high success rate
[13:11:16] [DEBUG] Task added: Scheduled self-improvement
[13:11:16] [DEBUG] Performance recorded: OTHER (0.000000s, success)
[13:11:16] [DEBUG] Executing task: Scheduled self-improvement
[13:11:16] [INFO] Performing self-maintenance
[13:11:16] [INFO] === Performance Analysis ===
[13:11:16] [INFO] GENERATE_CLASS: 100.000000% success, 0.000000s avg time
[13:11:16] [INFO] GENERATE_FUNCTION: 100.000000% success, 0.000000s avg time
[13:11:16] [INFO] OTHER: 100.000000% success, 0.000000s avg time
[13:11:16] [INFO] Optimizing code templates based on performance data
[13:11:16] [DEBUG] Added new class template
[13:11:16] [INFO] Added optimized class template
[13:11:16] [INFO] Updating configuration based on performance analysis
[13:11:16] [INFO] Increased task frequency due to high success rate
[13:11:16] [DEBUG] Task added: Scheduled self-improvement
[13:11:16] [DEBUG] Performance recorded: OTHER (0.000000s, success)
[13:11:16] [DEBUG] Executing task: Scheduled self-improvement
[13:11:16] [INFO] Performing self-maintenance
[13:11:16] [INFO] === Performance Analysis ===
[13:11:16] [INFO] GENERATE_CLASS: 100.000000% success, 0.000000s avg time
[13:11:16] [INFO] GENERATE_FUNCTION: 100.000000% success, 0.000000s avg time
[13:11:16] [INFO] OTHER: 100.000000% success, 0.000000s avg time
[13:11:16] [INFO] Optimizing code templates based on performance data
[13:11:16] [DEBUG] Added new class template
[13:11:16] [INFO] Added optimized class template
[13:11:16] [INFO] Updating configuration based on performance analysis
[13:11:16] [INFO] Increased task frequency due to high success rate
[13:11:16] [DEBUG] Task added: Scheduled self-improvement
[13:11:16] [DEBUG] Performance recorded: OTHER (0.000000s, success)
[13:11:16] [DEBUG] Executing task: Scheduled self-improvement
[13:11:16] [INFO] Performing self-maintenance
[13:11:16] [INFO] === Performance Analysis ===
[13:11:16] [INFO] GENERATE_CLASS: 100.000000% success, 0.000000s avg time
[13:11:16] [INFO] GENERATE_FUNCTION: 100.000000% success, 0.000000s avg time
[13:11:16] [INFO] OTHER: 100.000000% success, 0.000000s avg time
[13:11:16] [INFO] Optimizing code templates based on performance data
[13:11:16] [DEBUG] Added new class template
[13:11:16] [INFO] Added optimized class template
[13:11:16] [INFO] Updating configuration based on performance analysis
[13:11:16] [INFO] Increased task frequency due to high success rate
[13:11:16] [DEBUG] Task added: Scheduled self-improvement
[13:11:16] [DEBUG] Performance recorded: OTHER (0.000000s, success)
[13:11:16] [DEBUG] Executing task: Scheduled self-improvement
[13:11:16] [INFO] Performing self-maintenance
[13:11:16] [INFO] === Performance Analysis ===
[13:11:16] [INFO] GENERATE_CLASS: 100.000000% success, 0.000000s avg time
[13:11:16] [INFO] GENERATE_FUNCTION: 100.000000% success, 0.000000s avg time
[13:11:16] [INFO] OTHER: 100.000000% success, 0.000000s avg time
[13:11:16] [INFO] Optimizing code templates based on performance data
[13:11:16] [DEBUG] Added new class template
[13:11:16] [INFO] Added optimized class template
[13:11:16] [INFO] Updating configuration based on performance analysis
[13:11:16] [INFO] Increased task frequency due to high success rate
[13:11:16] [DEBUG] Task added: Scheduled self-improvement
[13:11:16] [DEBUG] Performance recorded: OTHER (0.000000s, success)
[13:11:16] [DEBUG] Executing task: Scheduled self-improvement
[13:11:16] [INFO] Performing self-maintenance
[13:11:16] [INFO] === Performance Analysis ===
[13:11:16] [INFO] GENERATE_CLASS: 100.000000% success, 0.000000s avg time
[13:11:16] [INFO] GENERATE_FUNCTION: 100.000000% success, 0.000000s avg time
[13:11:16] [INFO] OTHER: 100.000000% success, 0.000000s avg time
[13:11:16] [INFO] Optimizing code templates based on performance data
[13:11:16] [DEBUG] Added new class template
[13:11:16] [INFO] Added optimized class template
[13:11:16] [INFO] Updating configuration based on performance analysis
[13:11:16] [INFO] Increased task frequency due to high success rate
[13:11:16] [DEBUG] Task added: Scheduled self-improvement
[13:11:16] [DEBUG] Performance recorded: OTHER (0.000000s, success)
[13:11:16] [DEBUG] Executing task: Scheduled self-improvement
[13:11:16] [INFO] Performing self-maintenance
[13:11:16] [INFO] === Performance Analysis ===
[13:11:16] [INFO] GENERATE_CLASS: 100.000000% success, 0.000000s avg time
[13:11:16] [INFO] GENERATE_FUNCTION: 100.000000% success, 0.000000s avg time
[13:11:16] [INFO] OTHER: 100.000000% success, 0.000000s avg time
[13:11:16] [INFO] Optimizing code templates based on performance data
[13:11:16] [DEBUG] Added new class template
[13:11:16] [INFO] Added optimized class template
[13:11:16] [INFO] Updating configuration based on performance analysis
[13:11:16] [INFO] Increased task frequency due to high success rate
[13:11:16] [DEBUG] Task added: Scheduled self-improvement
[13:11:16] [DEBUG] Performance recorded: OTHER (0.000000s, success)
[13:11:17] [DEBUG] Executing task: Scheduled self-improvement
[13:11:17] [INFO] Performing self-maintenance
[13:11:17] [INFO] === Performance Analysis ===
[13:11:17] [INFO] GENERATE_CLASS: 100.000000% success, 0.000000s avg time
[13:11:17] [INFO] GENERATE_FUNCTION: 100.000000% success, 0.000000s avg time
[13:11:17] [INFO] OTHER: 100.000000% success, 0.000000s avg time
[13:11:17] [INFO] Optimizing code templates based on performance data
[13:11:17] [DEBUG] Added new class template
[13:11:17] [INFO] Added optimized class template
[13:11:17] [INFO] Updating configuration based on performance analysis
[13:11:17] [INFO] Increased task frequency due to high success rate
[13:11:17] [DEBUG] Task added: Scheduled self-improvement
[13:11:17] [DEBUG] Performance recorded: OTHER (0.000000s, success)
[13:11:17] [DEBUG] Executing task: Scheduled self-improvement
[13:11:17] [INFO] Performing self-maintenance
[13:11:17] [INFO] === Performance Analysis ===
[13:11:17] [INFO] GENERATE_CLASS: 100.000000% success, 0.000000s avg time
[13:11:17] [INFO] GENERATE_FUNCTION: 100.000000% success, 0.000000s avg time
[13:11:17] [INFO] OTHER: 100.000000% success, 0.000000s avg time
[13:11:17] [INFO] Optimizing code templates based on performance data
[13:11:17] [DEBUG] Added new class template
[13:11:17] [INFO] Added optimized class template
[13:11:17] [INFO] Updating configuration based on performance analysis
[13:11:17] [INFO] Increased task frequency due to high success rate
[13:11:17] [DEBUG] Task added: Scheduled self-improvement
[13:11:17] [DEBUG] Performance recorded: OTHER (0.000000s, success)
[13:11:17] [DEBUG] Executing task: Scheduled self-improvement
[13:11:17] [INFO] Performing self-maintenance
[13:11:17] [INFO] === Performance Analysis ===
[13:11:17] [INFO] GENERATE_CLASS: 100.000000% success, 0.000000s avg time
[13:11:17] [INFO] GENERATE_FUNCTION: 100.000000% success, 0.000000s avg time
[13:11:17] [INFO] OTHER: 100.000000% success, 0.000000s avg time
[13:11:17] [INFO] Optimizing code templates based on performance data
[13:11:17] [DEBUG] Added new class template
[13:11:17] [INFO] Added optimized class template
[13:11:17] [INFO] Updating configuration based on performance analysis
[13:11:17] [INFO] Increased task frequency due to high success rate
[13:11:17] [DEBUG] Task added: Scheduled self-improvement
[13:11:17] [DEBUG] Performance recorded: OTHER (0.000000s, success)
[13:11:17] [DEBUG] Executing task: Scheduled self-improvement
[13:11:17] [INFO] Performing self-maintenance
[13:11:17] [INFO] === Performance Analysis ===
[13:11:17] [INFO] GENERATE_CLASS: 100.000000% success, 0.000000s avg time
[13:11:17] [INFO] GENERATE_FUNCTION: 100.000000% success, 0.000000s avg time
[13:11:17] [INFO] OTHER: 100.000000% success, 0.000000s avg time
[13:11:17] [INFO] Optimizing code templates based on performance data
[13:11:17] [DEBUG] Added new class template
[13:11:17] [INFO] Added optimized class template
[13:11:17] [INFO] Updating configuration based on performance analysis
[13:11:17] [INFO] Increased task frequency due to high success rate
[13:11:17] [DEBUG] Task added: Scheduled self-improvement
[13:11:17] [DEBUG] Performance recorded: OTHER (0.000000s, success)
[13:11:17] [DEBUG] Executing task: Scheduled self-improvement
[13:11:17] [INFO] Performing self-maintenance
[13:11:17] [INFO] === Performance Analysis ===
[13:11:17] [INFO] GENERATE_CLASS: 100.000000% success, 0.000000s avg time
[13:11:17] [INFO] GENERATE_FUNCTION: 100.000000% success, 0.000000s avg time
[13:11:17] [INFO] OTHER: 100.000000% success, 0.000000s avg time
[13:11:17] [INFO] Optimizing code templates based on performance data
[13:11:17] [DEBUG] Added new class template
[13:11:17] [INFO] Added optimized class template
[13:11:17] [INFO] Updating configuration based on performance analysis
[13:11:17] [INFO] Increased task frequency due to high success rate
[13:11:17] [DEBUG] Task added: Scheduled self-improvement
[13:11:17] [DEBUG] Performance recorded: OTHER (0.000000s, success)
[13:11:17] [DEBUG] Executing task: Scheduled self-improvement
[13:11:17] [INFO] Performing self-maintenance
[13:11:17] [INFO] === Performance Analysis ===
[13:11:17] [INFO] GENERATE_CLASS: 100.000000% success, 0.000000s avg time
[13:11:17] [INFO] GENERATE_FUNCTION: 100.000000% success, 0.000000s avg time
[13:11:17] [INFO] OTHER: 100.000000% success, 0.000000s avg time
[13:11:17] [INFO] Optimizing code templates based on performance data
[13:11:17] [DEBUG] Added new class template
[13:11:17] [INFO] Added optimized class template
[13:11:17] [INFO] Updating configuration based on performance analysis
[13:11:17] [INFO] Increased task frequency due to high success rate
[13:11:17] [DEBUG] Task added: Scheduled self-improvement
[13:11:17] [DEBUG] Performance recorded: OTHER (0.000000s, success)
[13:11:17] [DEBUG] Executing task: Scheduled self-improvement
[13:11:17] [INFO] Performing self-maintenance
[13:11:17] [INFO] === Performance Analysis ===
[13:11:17] [INFO] GENERATE_CLASS: 100.000000% success, 0.000000s avg time
[13:11:17] [INFO] GENERATE_FUNCTION: 100.000000% success, 0.000000s avg time
[13:11:17] [INFO] OTHER: 100.000000% success, 0.000000s avg time
[13:11:17] [INFO] Optimizing code templates based on performance data
[13:11:17] [DEBUG] Added new class template
[13:11:17] [INFO] Added optimized class template
[13:11:17] [INFO] Updating configuration based on performance analysis
[13:11:17] [INFO] Increased task frequency due to high success rate
[13:11:17] [DEBUG] Task added: Scheduled self-improvement
[13:11:17] [DEBUG] Performance recorded: OTHER (0.000000s, success)
[13:11:17] [DEBUG] Executing task: Scheduled self-improvement
[13:11:17] [INFO] Performing self-maintenance
[13:11:17] [INFO] === Performance Analysis ===
[13:11:17] [INFO] GENERATE_CLASS: 100.000000% success, 0.000000s avg time
[13:11:17] [INFO] GENERATE_FUNCTION: 100.000000% success, 0.000000s avg time
[13:11:17] [INFO] OTHER: 100.000000% success, 0.000000s avg time
[13:11:17] [INFO] Optimizing code templates based on performance data
[13:11:17] [DEBUG] Added new class template
[13:11:17] [INFO] Added optimized class template
[13:11:17] [INFO] Updating configuration based on performance analysis
[13:11:17] [INFO] Increased task frequency due to high success rate
[13:11:17] [DEBUG] Task added: Scheduled self-improvement
[13:11:17] [DEBUG] Performance recorded: OTHER (0.000000s, success)
[13:11:17] [DEBUG] Executing task: Scheduled self-improvement
[13:11:17] [INFO] Performing self-maintenance
[13:11:17] [INFO] === Performance Analysis ===
[13:11:17] [INFO] GENERATE_CLASS: 100.000000% success, 0.000000s avg time
[13:11:17] [INFO] GENERATE_FUNCTION: 100.000000% success, 0.000000s avg time
[13:11:17] [INFO] OTHER: 100.000000% success, 0.000000s avg time
[13:11:17] [INFO] Optimizing code templates based on performance data
[13:11:17] [DEBUG] Added new class template
[13:11:17] [INFO] Added optimized class template
[13:11:17] [INFO] Updating configuration based on performance analysis
[13:11:17] [INFO] Increased task frequency due to high success rate
[13:11:17] [DEBUG] Task added: Scheduled self-improvement
[13:11:17] [DEBUG] Performance recorded: OTHER (0.000000s, success)
[13:11:17] [DEBUG] Executing task: Scheduled self-improvement
[13:11:17] [INFO] Performing self-maintenance
[13:11:17] [INFO] === Performance Analysis ===
[13:11:17] [INFO] GENERATE_CLASS: 100.000000% success, 0.000000s avg time
[13:11:17] [INFO] GENERATE_FUNCTION: 100.000000% success, 0.000000s avg time
[13:11:17] [INFO] OTHER: 100.000000% success, 0.000000s avg time
[13:11:17] [INFO] Optimizing code templates based on performance data
[13:11:17] [DEBUG] Added new class template
[13:11:17] [INFO] Added optimized class template
[13:11:17] [INFO] Updating configuration based on performance analysis
[13:11:17] [INFO] Increased task frequency due to high success rate
[13:11:17] [DEBUG] Task added: Scheduled self-improvement
[13:11:17] [DEBUG] Performance recorded: OTHER (0.000000s, success)
[13:11:18] [DEBUG] Executing task: Scheduled self-improvement
[13:11:18] [INFO] Performing self-maintenance
[13:11:18] [INFO] === Performance Analysis ===
[13:11:18] [INFO] GENERATE_CLASS: 100.000000% success, 0.000000s avg time
[13:11:18] [INFO] GENERATE_FUNCTION: 100.000000% success, 0.000000s avg time
[13:11:18] [INFO] OTHER: 100.000000% success, 0.000000s avg time
[13:11:18] [INFO] Optimizing code templates based on performance data
[13:11:18] [DEBUG] Added new class template
[13:11:18] [INFO] Added optimized class template
[13:11:18] [INFO] Updating configuration based on performance analysis
[13:11:18] [INFO] Increased task frequency due to high success rate
[13:11:18] [DEBUG] Task added: Scheduled self-improvement
[13:11:18] [DEBUG] Performance recorded: OTHER (0.000000s, success)
[13:11:18] [DEBUG] Executing task: Scheduled self-improvement
[13:11:18] [INFO] Performing self-maintenance
[13:11:18] [INFO] === Performance Analysis ===
[13:11:18] [INFO] GENERATE_CLASS: 100.000000% success, 0.000000s avg time
[13:11:18] [INFO] GENERATE_FUNCTION: 100.000000% success, 0.000000s avg time
[13:11:18] [INFO] OTHER: 100.000000% success, 0.000000s avg time
[13:11:18] [INFO] Optimizing code templates based on performance data
[13:11:18] [DEBUG] Added new class template
[13:11:18] [INFO] Added optimized class template
[13:11:18] [INFO] Updating configuration based on performance analysis
[13:11:18] [INFO] Increased task frequency due to high success rate
[13:11:18] [DEBUG] Task added: Scheduled self-improvement
[13:11:18] [DEBUG] Performance recorded: OTHER (0.000000s, success)
[13:11:18] [DEBUG] Executing task: Scheduled self-improvement
[13:11:18] [INFO] Performing self-maintenance
[13:11:18] [INFO] === Performance Analysis ===
[13:11:18] [INFO] GENERATE_CLASS: 100.000000% success, 0.000000s avg time
[13:11:18] [INFO] GENERATE_FUNCTION: 100.000000% success, 0.000000s avg time
[13:11:18] [INFO] OTHER: 100.000000% success, 0.000000s avg time
[13:11:18] [INFO] Optimizing code templates based on performance data
[13:11:18] [DEBUG] Added new class template
[13:11:18] [INFO] Added optimized class template
[13:11:18] [INFO] Updating configuration based on performance analysis
[13:11:18] [INFO] Increased task frequency due to high success rate
[13:11:18] [DEBUG] Task added: Scheduled self-improvement
[13:11:18] [DEBUG] Performance recorded: OTHER (0.000000s, success)
[13:11:18] [DEBUG] Executing task: Scheduled self-improvement
[13:11:18] [INFO] Performing self-maintenance
[13:11:18] [INFO] === Performance Analysis ===
[13:11:18] [INFO] GENERATE_CLASS: 100.000000% success, 0.000000s avg time
[13:11:18] [INFO] GENERATE_FUNCTION: 100.000000% success, 0.000000s avg time
[13:11:18] [INFO] OTHER: 100.000000% success, 0.000000s avg time
[13:11:18] [INFO] Optimizing code templates based on performance data
[13:11:18] [DEBUG] Added new class template
[13:11:18] [INFO] Added optimized class template
[13:11:18] [INFO] Updating configuration based on performance analysis
[13:11:18] [INFO] Increased task frequency due to high success rate
[13:11:18] [DEBUG] Task added: Scheduled self-improvement
[13:11:18] [DEBUG] Performance recorded: OTHER (0.000000s, success)
[13:11:18] [DEBUG] Executing task: Scheduled self-improvement
[13:11:18] [INFO] Performing self-maintenance
[13:11:18] [INFO] === Performance Analysis ===
[13:11:18] [INFO] GENERATE_CLASS: 100.000000% success, 0.000000s avg time
[13:11:18] [INFO] GENERATE_FUNCTION: 100.000000% success, 0.000000s avg time
[13:11:18] [INFO] OTHER: 100.000000% success, 0.000000s avg time
[13:11:18] [INFO] Optimizing code templates based on performance data
[13:11:18] [DEBUG] Added new class template
[13:11:18] [INFO] Added optimized class template
[13:11:18] [INFO] Updating configuration based on performance analysis
[13:11:18] [INFO] Increased task frequency due to high success rate
[13:11:18] [DEBUG] Task added: Scheduled self-improvement
[13:11:18] [DEBUG] Performance recorded: OTHER (0.000000s, success)
[13:11:18] [DEBUG] Executing task: Scheduled self-improvement
[13:11:18] [INFO] Performing self-maintenance
[13:11:18] [INFO] === Performance Analysis ===
[13:11:18] [INFO] GENERATE_CLASS: 100.000000% success, 0.000000s avg time
[13:11:18] [INFO] GENERATE_FUNCTION: 100.000000% success, 0.000000s avg time
[13:11:18] [INFO] OTHER: 100.000000% success, 0.000000s avg time
[13:11:18] [INFO] Optimizing code templates based on performance data
[13:11:18] [DEBUG] Added new class template
[13:11:18] [INFO] Added optimized class template
[13:11:18] [INFO] Updating configuration based on performance analysis
[13:11:18] [INFO] Increased task frequency due to high success rate
[13:11:18] [DEBUG] Task added: Scheduled self-improvement
[13:11:18] [DEBUG] Performance recorded: OTHER (0.000000s, success)
[13:11:18] [DEBUG] Executing task: Scheduled self-improvement
[13:11:18] [INFO] Performing self-maintenance
[13:11:18] [INFO] === Performance Analysis ===
[13:11:18] [INFO] GENERATE_CLASS: 100.000000% success, 0.000000s avg time
[13:11:18] [INFO] GENERATE_FUNCTION: 100.000000% success, 0.000000s avg time
[13:11:18] [INFO] OTHER: 100.000000% success, 0.000000s avg time
[13:11:18] [INFO] Optimizing code templates based on performance data
[13:11:18] [DEBUG] Added new class template
[13:11:18] [INFO] Added optimized class template
[13:11:18] [INFO] Updating configuration based on performance analysis
[13:11:18] [INFO] Increased task frequency due to high success rate
[13:11:18] [DEBUG] Task added: Scheduled self-improvement
[13:11:18] [DEBUG] Performance recorded: OTHER (0.000000s, success)
[13:11:18] [DEBUG] Executing task: Scheduled self-improvement
[13:11:18] [INFO] Performing self-maintenance
[13:11:18] [INFO] === Performance Analysis ===
[13:11:18] [INFO] GENERATE_CLASS: 100.000000% success, 0.000000s avg time
[13:11:18] [INFO] GENERATE_FUNCTION: 100.000000% success, 0.000000s avg time
[13:11:18] [INFO] OTHER: 100.000000% success, 0.000000s avg time
[13:11:18] [INFO] Optimizing code templates based on performance data
[13:11:18] [DEBUG] Added new class template
[13:11:18] [INFO] Added optimized class template
[13:11:18] [INFO] Updating configuration based on performance analysis
[13:11:18] [INFO] Increased task frequency due to high success rate
[13:11:18] [DEBUG] Task added: Scheduled self-improvement
[13:11:18] [DEBUG] Performance recorded: OTHER (0.000000s, success)
[13:11:18] [INFO] TaskManager stopped
[13:11:18] [INFO] Worker thread stopped
[13:16:08] [INFO] Self-improvement thread stopped
[13:16:08] [INFO] Bot stopped
